0 info it worked if it ends with ok
1 verbose cli [
1 verbose cli   'C:\\Program Files\\nodejs\\node.exe',
1 verbose cli   'C:\\Program Files\\nodejs\\node_modules\\npm\\bin\\npm-cli.js',
1 verbose cli   'run',
1 verbose cli   'dev'
1 verbose cli ]
2 info using npm@6.12.1
3 info using node@v13.1.0
4 verbose stack Error: ENOENT: no such file or directory, open 'C:\HTTPServer\moody-app\package.json'
5 verbose cwd C:\HTTPServer\moody-app
6 verbose Windows_NT 10.0.18363
7 verbose argv "C:\\Program Files\\nodejs\\node.exe" "C:\\Program Files\\nodejs\\node_modules\\npm\\bin\\npm-cli.js" "run" "dev"
8 verbose node v13.1.0
9 verbose npm  v6.12.1
10 error code ENOENT
11 error syscall open
12 error path C:\HTTPServer\moody-app\package.json
13 error errno -4058
14 error enoent ENOENT: no such file or directory, open 'C:\HTTPServer\moody-app\package.json'
15 error enoent This is related to npm not being able to find a file.
16 verbose exit [ -4058, true ]
