0 info it worked if it ends with ok
1 verbose cli [
1 verbose cli   'C:\\Program Files\\nodejs\\node.exe',
1 verbose cli   'C:\\Program Files\\nodejs\\node_modules\\npm\\bin\\npm-cli.js',
1 verbose cli   'run',
1 verbose cli   'dev'
1 verbose cli ]
2 info using npm@6.12.1
3 info using node@v13.1.0
4 verbose run-script [ 'predev', 'dev', 'postdev' ]
5 info lifecycle mood-app@0.1.0~predev: mood-app@0.1.0
6 info lifecycle mood-app@0.1.0~dev: mood-app@0.1.0
7 verbose lifecycle mood-app@0.1.0~dev: unsafe-perm in lifecycle true
8 verbose lifecycle mood-app@0.1.0~dev: PATH: C:\Program Files\nodejs\node_modules\npm\node_modules\npm-lifecycle\node-gyp-bin;C:\HTTPServer\moody-app\moodapp\node_modules\.bin;C:\Program Files\Git\mingw64\bin;C:\Program Files\Git\usr\bin;C:\Users\932413580\bin;C:\Program Files (x86)\Common Files\Oracle\Java\javapath;C:\Program Files\AdoptOpenJDK\jdk-13.0.1.9-openj9\bin;$PATH;C:\Program Files\Arnold for Houdini\scripts\bin;C:\Program Files\Git\cmd;C:\Program Files\nodejs;C:\HashiCorp\Vagrant\bin;C:\Program Files\dotnet;C:\Program Files\TortoiseGit\bin;C:\Program Files\Common Files\Autodesk Shared;C:\Program Files\Microsoft SQL Server\120\Tools\Binn;C:\Program Files\3Delight\bin;C:\ProgramData\Redshift\bin;C:\Program Files (x86)\NVIDIA Corporation\PhysX\Common;C:\Program Files\NVIDIA Corporation\NVIDIA NvDLISR;C:\Users\932413580\AppData\Local\Microsoft\WindowsApps
9 verbose lifecycle mood-app@0.1.0~dev: CWD: C:\HTTPServer\moody-app\moodapp
10 silly lifecycle mood-app@0.1.0~dev: Args: [ '/d /s /c', 'next dev' ]
11 silly lifecycle mood-app@0.1.0~dev: Returned: code: 1  signal: null
12 info lifecycle mood-app@0.1.0~dev: Failed to exec dev script
13 verbose stack Error: mood-app@0.1.0 dev: `next dev`
13 verbose stack Exit status 1
13 verbose stack     at EventEmitter.<anonymous> (C:\Program Files\nodejs\node_modules\npm\node_modules\npm-lifecycle\index.js:332:16)
13 verbose stack     at EventEmitter.emit (events.js:210:5)
13 verbose stack     at ChildProcess.<anonymous> (C:\Program Files\nodejs\node_modules\npm\node_modules\npm-lifecycle\lib\spawn.js:55:14)
13 verbose stack     at ChildProcess.emit (events.js:210:5)
13 verbose stack     at maybeClose (internal/child_process.js:1028:16)
13 verbose stack     at Process.ChildProcess._handle.onexit (internal/child_process.js:283:5)
14 verbose pkgid mood-app@0.1.0
15 verbose cwd C:\HTTPServer\moody-app\moodapp
16 verbose Windows_NT 10.0.18363
17 verbose argv "C:\\Program Files\\nodejs\\node.exe" "C:\\Program Files\\nodejs\\node_modules\\npm\\bin\\npm-cli.js" "run" "dev"
18 verbose node v13.1.0
19 verbose npm  v6.12.1
20 error code ELIFECYCLE
21 error errno 1
22 error mood-app@0.1.0 dev: `next dev`
22 error Exit status 1
23 error Failed at the mood-app@0.1.0 dev script.
23 error This is probably not a problem with npm. There is likely additional logging output above.
24 verbose exit [ 1, true ]
